[2017-03-25 21:08:09] START
[2017-03-25 21:23:38] EDIT AppointmentScheduler/controllers/default.py: 0
[2017-03-25 21:26:37] EDIT AppointmentScheduler/models/menu.py: 0
[2017-03-25 21:27:52] EDIT AppointmentScheduler/models/menu.py: -3
[2017-03-25 21:28:32] EDIT AppointmentScheduler/models/menu.py: 0
[2017-03-25 21:28:55] EDIT AppointmentScheduler/models/menu.py: 0
[2017-03-25 21:32:38] EDIT AppointmentScheduler/models/db.py: 0
[2017-03-25 21:39:24] EDIT AppointmentScheduler/models/menu.py: 0
[2017-03-25 21:39:47] EDIT AppointmentScheduler/models/menu.py: 0
[2017-03-25 21:42:03] EDIT AppointmentScheduler/models/menu.py: 0
[2017-03-25 21:42:24] EDIT AppointmentScheduler/models/menu.py: 0
[2017-03-25 21:52:06] EDIT AppointmentScheduler/models/menu.py: 0
[2017-03-25 21:52:18] EDIT AppointmentScheduler/models/menu.py: 0
[2017-03-25 21:56:52] EDIT AppointmentScheduler/views/default/index.html: 0
[2017-03-25 22:02:42] EDIT AppointmentScheduler/models/menu.py: 0
[2017-03-25 22:52:41] EDIT AppointmentScheduler/views/default/index.html: 0
[2017-03-25 22:54:25] EDIT AppointmentScheduler/views/default/index.html: 0
[2017-03-25 23:05:21] EDIT AppointmentScheduler/views/default/index.html: 0
[2017-03-25 23:11:20] EDIT AppointmentScheduler/views/default/index.html: 0
[2017-03-25 23:11:42] EDIT AppointmentScheduler/views/default/index.html: 0
[2017-03-25 23:20:11] EDIT AppointmentScheduler/views/default/index.html: 0
[2017-03-25 23:21:36] EDIT AppointmentScheduler/views/default/index.html: 0
[2017-03-25 23:22:28] EDIT AppointmentScheduler/views/default/index.html: 0
[2017-03-25 23:24:31] EDIT AppointmentScheduler/views/default/index.html: 0
[2017-03-25 23:25:36] EDIT AppointmentScheduler/views/default/index.html: 0
[2017-03-25 23:26:05] EDIT AppointmentScheduler/views/default/index.html: 0
[2017-03-25 23:27:31] EDIT AppointmentScheduler/views/default/index.html: 0
[2017-03-25 23:27:54] EDIT AppointmentScheduler/views/default/index.html: 0
[2017-03-25 23:41:34] EDIT AppointmentScheduler/views/default/index.html: 0
[2017-03-25 23:42:05] EDIT AppointmentScheduler/views/default/index.html: 0
[2017-03-25 23:45:59] EDIT AppointmentScheduler/views/default/index.html: 0
[2017-03-25 23:48:14] EDIT AppointmentScheduler/views/default/index.html: 1
[2017-03-25 23:52:29] EDIT AppointmentScheduler/views/default/index.html: 0
[2017-03-25 23:52:49] EDIT AppointmentScheduler/views/default/index.html: 0
[2017-03-25 23:56:14] EDIT AppointmentScheduler/views/default/index.html: 0
[2017-03-25 23:56:29] EDIT AppointmentScheduler/views/default/index.html: 0
[2017-03-25 23:58:52] EDIT AppointmentScheduler/views/default/index.html: -3
[2017-03-26 00:09:07] EDIT AppointmentScheduler/views/default/index.html: -2
[2017-03-26 00:10:16] EDIT AppointmentScheduler/views/default/index.html: -1
[2017-03-26 00:11:23] EDIT AppointmentScheduler/views/layout.html: 0
[2017-03-26 00:13:39] EDIT AppointmentScheduler/models/menu.py: 0
[2017-03-26 00:15:56] EDIT AppointmentScheduler/models/menu.py: -2
[2017-03-26 00:20:07] EDIT AppointmentScheduler/models/menu.py: 0
[2017-03-26 00:21:15] EDIT AppointmentScheduler/models/menu.py: -16
[2017-03-26 00:23:52] EDIT AppointmentScheduler/models/menu.py: 0
[2017-03-26 18:32:16] EDIT AppointmentScheduler/models/menu.py: 0
[2017-03-26 18:35:35] EDIT AppointmentScheduler/models/menu.py: -19
[2017-03-26 18:40:36] EDIT AppointmentScheduler/models/menu.py: 1
[2017-03-26 18:57:15] EDIT AppointmentScheduler/controllers/default.py: 11
[2017-03-26 18:57:46] CREATE display_form.html: 0
[2017-03-26 18:58:01] DELETE AppointmentScheduler/views/display_form.html: -3
[2017-03-26 18:58:20] CREATE default/display_form.html: 0
[2017-03-26 18:58:37] EDIT AppointmentScheduler/views/default/display_form.html: 6
[2017-03-26 19:00:36] EDIT AppointmentScheduler/views/default/index.html: 0
[2017-03-26 19:06:21] EDIT AppointmentScheduler/controllers/default.py: 0
[2017-03-26 19:08:37] EDIT AppointmentScheduler/controllers/default.py: 0
[2017-03-26 19:45:00] EDIT AppointmentScheduler/controllers/default.py: -2
[2017-03-26 20:28:56] EDIT AppointmentScheduler/models/db.py: 3
[2017-03-27 21:41:56] EDIT AppointmentScheduler/models/db.py: -3
[2017-03-27 21:45:32] EDIT AppointmentScheduler/controllers/default.py: 2
[2017-03-27 21:51:37] CREATE medical_info.py: 0
[2017-03-27 22:00:20] EDIT AppointmentScheduler/models/medical_info.py: 6
[2017-03-27 22:01:16] EDIT AppointmentScheduler/models/medical_info.py: 0
[2017-03-27 22:03:48] EDIT AppointmentScheduler/models/medical_info.py: 1
[2017-03-27 22:04:28] EDIT AppointmentScheduler/models/medical_info.py: 0
[2017-03-27 22:13:03] EDIT AppointmentScheduler/controllers/default.py: -2
[2017-03-27 22:14:12] EDIT AppointmentScheduler/views/default/display_form.html: 0
[2017-03-27 23:27:34] EDIT AppointmentScheduler/views/default/display_form.html: 0
[2017-04-12 15:56:34] EDIT AppointmentScheduler/controllers/default.py: 0
[2017-04-12 16:01:13] EDIT AppointmentScheduler/controllers/default.py: 1
[2017-04-12 16:04:58] EDIT AppointmentScheduler/models/medical_info.py: 3
[2017-04-12 16:06:03] EDIT AppointmentScheduler/models/medical_info.py: -4
[2017-04-12 16:08:31] EDIT AppointmentScheduler/controllers/default.py: 0
[2017-04-12 16:24:02] EDIT AppointmentScheduler/models/medical_info.py: 1
[2017-04-12 16:25:29] EDIT AppointmentScheduler/models/medical_info.py: 0
[2017-04-12 16:26:44] EDIT AppointmentScheduler/models/medical_info.py: -1
[2017-04-12 16:29:24] EDIT AppointmentScheduler/models/medical_info.py: 0
